This is pdfTeX, Version 3.14159265-2.6-1.40.19 (TeX Live 2019/dev/Debian) (preloaded format=pdflatex 2019.3.11)  24 MAR 2019 00:09
entering extended mode
 restricted \write18 enabled.
 file:line:error style messages enabled.
 %&-line parsing enabled.
**/media/jijorbq/Storage/allEXPER/17os/3.15/17341038.tex
(/media/jijorbq/Storage/allEXPER/17os/3.15/17341038.tex
LaTeX2e <2018-04-01> patch level 5

! LaTeX Error: File `ctexart.cls' not found.

Type X to quit or <RETURN> to proceed,
or enter new name. (Default extension: cls)

Enter file name: 
/media/jijorbq/Storage/allEXPER/17os/3.15/17341038.tex:3: Emergency stop.
<read *> 
         
l.3 ^^M
       
*** (cannot \read from terminal in nonstop modes)

 
Here is how much of TeX's memory you used:
 11 strings out of 494586
 369 string characters out of 6177802
 51602 words of memory out of 5000000
 3745 multiletter control sequences out of 15000+600000
 3640 words of font info for 14 fonts, out of 8000000 for 9000
 14 hyphenation exceptions out of 8191
 10i,0n,8p,99b,8s stack positions out of 5000i,500n,10000p,200000b,80000s
/media/jijorbq/Storage/allEXPER/17os/3.15/17341038.tex:3:  ==> Fatal error occurred, no output PDF file produced!
